<?xml version="1.0" encoding="UTF-8"?>
<!-- Generated by org.testng.reporters.JUnitXMLReporter -->
<testsuite hostname="efrain-HP" ignored="0" name="AdactinRegressionBasic" tests="9" failures="2" timestamp="21 Oct 2017 09:23:17 GMT" time="73.105" errors="0">
  <testcase name="LogValidateNoUserNoPassword" time="1.841" classname="com.adactin.hotelapp.tests.AdactinLogin"/>
  <testcase name="LogValidatePasswordOnly" time="0.54" classname="com.adactin.hotelapp.tests.AdactinLogin"/>
  <testcase name="LogValidateUserAndPassword" time="0.63" classname="com.adactin.hotelapp.tests.AdactinLogin"/>
  <testcase name="LogValidateUserOnly" time="0.55" classname="com.adactin.hotelapp.tests.AdactinLogin"/>
  <testcase name="deafaultLoginTest" time="2.49" classname="com.adactin.hotelapp.tests.AdactinLogin"/>
  <testcase name="simpleLoginTest" time="1.801" classname="com.adactin.hotelapp.tests.AdactinLogin"/>
  <testcase name="simpleLoginTest" time="1.09" classname="com.adactin.hotelapp.tests.AdactinLogin">
    <failure type="java.lang.AssertionError" message="simpleLoginTest FAILED expected [true] but found [false]">
      <![CDATA[java.lang.AssertionError: simpleLoginTest FAILED expected [true] but found [false]
	at com.adactin.hotelapp.tests.AdactinLogin.simpleLoginTest(AdactinLogin.java:34)
... Removed 34 stack frames]]>
    </failure>
  </testcase> <!-- simpleLoginTest -->
  <testcase name="simpleLoginTest" time="1.34" classname="com.adactin.hotelapp.tests.AdactinLogin"/>
  <testcase name="simpleLoginTest" time="1.08" classname="com.adactin.hotelapp.tests.AdactinLogin">
    <failure type="java.lang.AssertionError" message="simpleLoginTest FAILED expected [true] but found [false]">
      <![CDATA[java.lang.AssertionError: simpleLoginTest FAILED expected [true] but found [false]
	at com.adactin.hotelapp.tests.AdactinLogin.simpleLoginTest(AdactinLogin.java:34)
... Removed 34 stack frames]]>
    </failure>
  </testcase> <!-- simpleLoginTest -->
</testsuite> <!-- AdactinRegressionBasic -->
