<html>
<head>
<title>TestNG:  AdactinRegressionBasic</title>
<link href="../testng.css" rel="stylesheet" type="text/css" />
<link href="../my-testng.css" rel="stylesheet" type="text/css" />

<style type="text/css">
.log { display: none;} 
.stack-trace { display: none;} 
</style>
<script type="text/javascript">
<!--
function flip(e) {
  current = e.style.display;
  if (current == 'block') {
    e.style.display = 'none';
    return 0;
  }
  else {
    e.style.display = 'block';
    return 1;
  }
}

function toggleBox(szDivId, elem, msg1, msg2)
{
  var res = -1;  if (document.getElementById) {
    res = flip(document.getElementById(szDivId));
  }
  else if (document.all) {
    // this is the way old msie versions work
    res = flip(document.all[szDivId]);
  }
  if(elem) {
    if(res == 0) elem.innerHTML = msg1; else elem.innerHTML = msg2;
  }

}

function toggleAllBoxes() {
  if (document.getElementsByTagName) {
    d = document.getElementsByTagName('div');
    for (i = 0; i < d.length; i++) {
      if (d[i].className == 'log') {
        flip(d[i]);
      }
    }
  }
}

// -->
</script>

</head>
<body>
<h2 align='center'>AdactinRegressionBasic</h2><table border='1' align="center">
<tr>
<td>Tests passed/Failed/Skipped:</td><td>7/2/0</td>
</tr><tr>
<td>Started on:</td><td>Sat Oct 21 05:22:04 EDT 2017</td>
</tr>
<tr><td>Total time:</td><td>73 seconds (73105 ms)</td>
</tr><tr>
<td>Included groups:</td><td></td>
</tr><tr>
<td>Excluded groups:</td><td></td>
</tr>
</table><p/>
<small><i>(Hover the method name to see the test class name)</i></small><p/>
<table width='100%' border='1' class='invocation-failed'>
<tr><td colspan='4' align='center'><b>FAILED TESTS</b></td></tr>
<tr><td><b>Test method</b></td>
<td width="30%"><b>Exception</b></td>
<td width="10%"><b>Time (seconds)</b></td>
<td><b>Instance</b></td>
</tr>
<tr>
<td title='com.adactin.hotelapp.tests.AdactinLogin.simpleLoginTest()'><b>simpleLoginTest</b><br>Test class: com.adactin.hotelapp.tests.AdactinLogin<br>Parameters: efrain583, efra1</td>
<td><div><pre>java.lang.AssertionError: simpleLoginTest FAILED expected [true] but found [false]
	at com.adactin.hotelapp.tests.AdactinLogin.simpleLoginTest(AdactinLogin.java:34)
... Removed 34 stack frames</pre></div><a href='#' onClick='toggleBox("stack-trace67749199", this, "Click to show all stack frames", "Click to hide stack frames")'>Click to show all stack frames</a>
<div class='stack-trace' id='stack-trace67749199'><pre>java.lang.AssertionError: simpleLoginTest FAILED expected [true] but found [false]
	at org.testng.Assert.fail(Assert.java:94)
	at org.testng.Assert.failNotEquals(Assert.java:513)
	at org.testng.Assert.assertEqualsImpl(Assert.java:135)
	at org.testng.Assert.assertEquals(Assert.java:116)
	at org.testng.Assert.assertEquals(Assert.java:305)
	at com.adactin.hotelapp.tests.AdactinLogin.simpleLoginTest(AdactinLogin.java:34)
	at sun.reflect.NativeMethodAccessorImpl.invoke0(Native Method)
	at sun.reflect.NativeMethodAccessorImpl.invoke(NativeMethodAccessorImpl.java:62)
	at sun.reflect.DelegatingMethodAccessorImpl.invoke(DelegatingMethodAccessorImpl.java:43)
	at java.lang.reflect.Method.invoke(Method.java:498)
	at org.testng.internal.MethodInvocationHelper.invokeMethod(MethodInvocationHelper.java:104)
	at org.testng.internal.Invoker.invokeMethod(Invoker.java:645)
	at org.testng.internal.Invoker.invokeTestMethod(Invoker.java:851)
	at org.testng.internal.Invoker.invokeTestMethods(Invoker.java:1177)
	at org.testng.internal.TestMethodWorker.invokeTestMethods(TestMethodWorker.java:129)
	at org.testng.internal.TestMethodWorker.run(TestMethodWorker.java:112)
	at org.testng.TestRunner.privateRun(TestRunner.java:756)
	at org.testng.TestRunner.run(TestRunner.java:610)
	at org.testng.SuiteRunner.runTest(SuiteRunner.java:387)
	at org.testng.SuiteRunner.runSequentially(SuiteRunner.java:382)
	at org.testng.SuiteRunner.privateRun(SuiteRunner.java:340)
	at org.testng.SuiteRunner.run(SuiteRunner.java:289)
	at org.testng.SuiteRunnerWorker.runSuite(SuiteRunnerWorker.java:52)
	at org.testng.SuiteRunnerWorker.run(SuiteRunnerWorker.java:86)
	at org.testng.TestNG.runSuitesSequentially(TestNG.java:1293)
	at org.testng.TestNG.runSuitesLocally(TestNG.java:1218)
	at org.testng.TestNG.runSuites(TestNG.java:1133)
	at org.testng.TestNG.run(TestNG.java:1104)
	at org.apache.maven.surefire.testng.TestNGExecutor.run(TestNGExecutor.java:283)
	at org.apache.maven.surefire.testng.TestNGXmlTestSuite.execute(TestNGXmlTestSuite.java:75)
	at org.apache.maven.surefire.testng.TestNGProvider.invoke(TestNGProvider.java:120)
	at org.apache.maven.surefire.booter.ForkedBooter.invokeProviderInSameClassLoader(ForkedBooter.java:373)
	at org.apache.maven.surefire.booter.ForkedBooter.runSuitesInProcess(ForkedBooter.java:334)
	at org.apache.maven.surefire.booter.ForkedBooter.execute(ForkedBooter.java:119)
	at org.apache.maven.surefire.booter.ForkedBooter.main(ForkedBooter.java:407)
</pre></div></td>
<td>1</td>
<td>com.adactin.hotelapp.tests.AdactinLogin@548b7f67</td></tr>
<tr>
<td title='com.adactin.hotelapp.tests.AdactinLogin.simpleLoginTest()'><b>simpleLoginTest</b><br>Test class: com.adactin.hotelapp.tests.AdactinLogin<br>Parameters: efrain583, efra1</td>
<td><div><pre>java.lang.AssertionError: simpleLoginTest FAILED expected [true] but found [false]
	at com.adactin.hotelapp.tests.AdactinLogin.simpleLoginTest(AdactinLogin.java:34)
... Removed 34 stack frames</pre></div><a href='#' onClick='toggleBox("stack-trace348055829", this, "Click to show all stack frames", "Click to hide stack frames")'>Click to show all stack frames</a>
<div class='stack-trace' id='stack-trace348055829'><pre>java.lang.AssertionError: simpleLoginTest FAILED expected [true] but found [false]
	at org.testng.Assert.fail(Assert.java:94)
	at org.testng.Assert.failNotEquals(Assert.java:513)
	at org.testng.Assert.assertEqualsImpl(Assert.java:135)
	at org.testng.Assert.assertEquals(Assert.java:116)
	at org.testng.Assert.assertEquals(Assert.java:305)
	at com.adactin.hotelapp.tests.AdactinLogin.simpleLoginTest(AdactinLogin.java:34)
	at sun.reflect.NativeMethodAccessorImpl.invoke0(Native Method)
	at sun.reflect.NativeMethodAccessorImpl.invoke(NativeMethodAccessorImpl.java:62)
	at sun.reflect.DelegatingMethodAccessorImpl.invoke(DelegatingMethodAccessorImpl.java:43)
	at java.lang.reflect.Method.invoke(Method.java:498)
	at org.testng.internal.MethodInvocationHelper.invokeMethod(MethodInvocationHelper.java:104)
	at org.testng.internal.Invoker.invokeMethod(Invoker.java:645)
	at org.testng.internal.Invoker.invokeTestMethod(Invoker.java:851)
	at org.testng.internal.Invoker.invokeTestMethods(Invoker.java:1177)
	at org.testng.internal.TestMethodWorker.invokeTestMethods(TestMethodWorker.java:129)
	at org.testng.internal.TestMethodWorker.run(TestMethodWorker.java:112)
	at org.testng.TestRunner.privateRun(TestRunner.java:756)
	at org.testng.TestRunner.run(TestRunner.java:610)
	at org.testng.SuiteRunner.runTest(SuiteRunner.java:387)
	at org.testng.SuiteRunner.runSequentially(SuiteRunner.java:382)
	at org.testng.SuiteRunner.privateRun(SuiteRunner.java:340)
	at org.testng.SuiteRunner.run(SuiteRunner.java:289)
	at org.testng.SuiteRunnerWorker.runSuite(SuiteRunnerWorker.java:52)
	at org.testng.SuiteRunnerWorker.run(SuiteRunnerWorker.java:86)
	at org.testng.TestNG.runSuitesSequentially(TestNG.java:1293)
	at org.testng.TestNG.runSuitesLocally(TestNG.java:1218)
	at org.testng.TestNG.runSuites(TestNG.java:1133)
	at org.testng.TestNG.run(TestNG.java:1104)
	at org.apache.maven.surefire.testng.TestNGExecutor.run(TestNGExecutor.java:283)
	at org.apache.maven.surefire.testng.TestNGXmlTestSuite.execute(TestNGXmlTestSuite.java:75)
	at org.apache.maven.surefire.testng.TestNGProvider.invoke(TestNGProvider.java:120)
	at org.apache.maven.surefire.booter.ForkedBooter.invokeProviderInSameClassLoader(ForkedBooter.java:373)
	at org.apache.maven.surefire.booter.ForkedBooter.runSuitesInProcess(ForkedBooter.java:334)
	at org.apache.maven.surefire.booter.ForkedBooter.execute(ForkedBooter.java:119)
	at org.apache.maven.surefire.booter.ForkedBooter.main(ForkedBooter.java:407)
</pre></div></td>
<td>1</td>
<td>com.adactin.hotelapp.tests.AdactinLogin@548b7f67</td></tr>
</table><p>
<table width='100%' border='1' class='invocation-passed'>
<tr><td colspan='4' align='center'><b>PASSED TESTS</b></td></tr>
<tr><td><b>Test method</b></td>
<td width="30%"><b>Exception</b></td>
<td width="10%"><b>Time (seconds)</b></td>
<td><b>Instance</b></td>
</tr>
<tr>
<td title='com.adactin.hotelapp.tests.AdactinLogin.LogValidateNoUserNoPassword()'><b>LogValidateNoUserNoPassword</b><br>Test class: com.adactin.hotelapp.tests.AdactinLogin</td>
<td></td>
<td>1</td>
<td>com.adactin.hotelapp.tests.AdactinLogin@548b7f67</td></tr>
<tr>
<td title='com.adactin.hotelapp.tests.AdactinLogin.LogValidatePasswordOnly()'><b>LogValidatePasswordOnly</b><br>Test class: com.adactin.hotelapp.tests.AdactinLogin</td>
<td></td>
<td>0</td>
<td>com.adactin.hotelapp.tests.AdactinLogin@548b7f67</td></tr>
<tr>
<td title='com.adactin.hotelapp.tests.AdactinLogin.LogValidateUserAndPassword()'><b>LogValidateUserAndPassword</b><br>Test class: com.adactin.hotelapp.tests.AdactinLogin</td>
<td></td>
<td>0</td>
<td>com.adactin.hotelapp.tests.AdactinLogin@548b7f67</td></tr>
<tr>
<td title='com.adactin.hotelapp.tests.AdactinLogin.LogValidateUserOnly()'><b>LogValidateUserOnly</b><br>Test class: com.adactin.hotelapp.tests.AdactinLogin</td>
<td></td>
<td>0</td>
<td>com.adactin.hotelapp.tests.AdactinLogin@548b7f67</td></tr>
<tr>
<td title='com.adactin.hotelapp.tests.AdactinLogin.deafaultLoginTest()'><b>deafaultLoginTest</b><br>Test class: com.adactin.hotelapp.tests.AdactinLogin</td>
<td></td>
<td>2</td>
<td>com.adactin.hotelapp.tests.AdactinLogin@548b7f67</td></tr>
<tr>
<td title='com.adactin.hotelapp.tests.AdactinLogin.simpleLoginTest()'><b>simpleLoginTest</b><br>Test class: com.adactin.hotelapp.tests.AdactinLogin<br>Parameters: efrain583, efra12</td>
<td></td>
<td>1</td>
<td>com.adactin.hotelapp.tests.AdactinLogin@548b7f67</td></tr>
<tr>
<td title='com.adactin.hotelapp.tests.AdactinLogin.simpleLoginTest()'><b>simpleLoginTest</b><br>Test class: com.adactin.hotelapp.tests.AdactinLogin<br>Parameters: efrain583, efra12</td>
<td></td>
<td>1</td>
<td>com.adactin.hotelapp.tests.AdactinLogin@548b7f67</td></tr>
</table><p>
</body>
</html>