<?xml version="1.0" encoding="UTF-8"?>
<testsuite xmlns:xsi="http://www.w3.org/2001/XMLSchema-instance" xsi:noNamespaceSchemaLocation="https://maven.apache.org/surefire/maven-surefire-plugin/xsd/surefire-test-report.xsd" name="TestSuite" time="73.889" tests="9" errors="0" skipped="0" failures="2">
  <properties>
[...]
</properties>
  <testcase name="LogValidateNoUserNoPassword" classname="com.adactin.hotelapp.tests.AdactinLogin" time="1.851"/>
  <testcase name="LogValidatePasswordOnly" classname="com.adactin.hotelapp.tests.AdactinLogin" time="0.54"/>
  <testcase name="LogValidateUserAndPassword" classname="com.adactin.hotelapp.tests.AdactinLogin" time="0.62"/>
  <testcase name="LogValidateUserOnly" classname="com.adactin.hotelapp.tests.AdactinLogin" time="0.56"/>
  <testcase name="deafaultLoginTest" classname="com.adactin.hotelapp.tests.AdactinLogin" time="2.49"/>
  <testcase name="simpleLoginTest" classname="com.adactin.hotelapp.tests.AdactinLogin" time="1.801"/>
  <testcase name="simpleLoginTest" classname="com.adactin.hotelapp.tests.AdactinLogin" time="1.11">
    <failure message="simpleLoginTest FAILED expected [true] but found [false]" type="java.lang.AssertionError">java.lang.AssertionError: simpleLoginTest FAILED expected [true] but found [false]
	at com.adactin.hotelapp.tests.AdactinLogin.simpleLoginTest(AdactinLogin.java:34)
</failure>
    <system-out><![CDATA[2017-10-21 05:22:49 [main] (UtilKit.java:248) [INFO] Test Method : com.adactin.hotelapp.tests.AdactinLogin.simpleLoginTest Completed at : 10/21/2017 05:22:49 Elapsed Time in Seconds : 1.811  Success Status = true


2017-10-21 05:22:55 [main] (UtilKit.java:160) [INFO] Test Method : com.adactin.hotelapp.tests.AdactinLogin:simpleLoginTest Started at 10/21/2017 05:22:55
Adactin Search Page Title : AdactIn.com - Hotel Reservation System
]]></system-out>
    <system-err><![CDATA[1508577774618	Marionette	DEBUG	Received DOM event "beforeunload" for "http://www.adactin.com/HotelAppBuild2/SearchHotel.php"
1508577775189	Marionette	DEBUG	Received DOM event "pagehide" for "http://www.adactin.com/HotelAppBuild2/SearchHotel.php"
1508577775189	Marionette	DEBUG	Received DOM event "unload" for "http://www.adactin.com/HotelAppBuild2/SearchHotel.php"
1508577775232	Marionette	DEBUG	Received DOM event "DOMContentLoaded" for "http://www.adactin.com/HotelApp/"
1508577775304	Marionette	DEBUG	Received DOM event "pageshow" for "http://www.adactin.com/HotelApp/"
1508577775376	Marionette	DEBUG	Received DOM event "beforeunload" for "http://www.adactin.com/HotelApp/"
1508577775661	Marionette	DEBUG	Received DOM event "pagehide" for "http://www.adactin.com/HotelApp/"
1508577775662	Marionette	DEBUG	Received DOM event "unload" for "http://www.adactin.com/HotelApp/"
1508577775695	Marionette	DEBUG	Received DOM event "DOMContentLoaded" for "http://www.adactin.com/HotelAppBuild2/"
1508577775767	Marionette	DEBUG	Received DOM event "pageshow" for "http://www.adactin.com/HotelAppBuild2/"
1508577775936	Marionette	DEBUG	Received DOM event "beforeunload" for "http://www.adactin.com/HotelAppBuild2/"
1508577776262	Marionette	DEBUG	Received DOM event "pagehide" for "http://www.adactin.com/HotelAppBuild2/"
1508577776263	Marionette	DEBUG	Received DOM event "unload" for "http://www.adactin.com/HotelAppBuild2/"
1508577776310	Marionette	DEBUG	Received DOM event "DOMContentLoaded" for "http://www.adactin.com/HotelAppBuild2/"
1508577776373	Marionette	DEBUG	Received DOM event "pageshow" for "http://www.adactin.com/HotelAppBuild2/"
]]></system-err>
  </testcase>
  <testcase name="simpleLoginTest" classname="com.adactin.hotelapp.tests.AdactinLogin" time="1.33"/>
  <testcase name="simpleLoginTest" classname="com.adactin.hotelapp.tests.AdactinLogin" time="1.08">
    <failure message="simpleLoginTest FAILED expected [true] but found [false]" type="java.lang.AssertionError">java.lang.AssertionError: simpleLoginTest FAILED expected [true] but found [false]
	at com.adactin.hotelapp.tests.AdactinLogin.simpleLoginTest(AdactinLogin.java:34)
</failure>
    <system-out><![CDATA[2017-10-21 05:23:03 [main] (UtilKit.java:248) [INFO] Test Method : com.adactin.hotelapp.tests.AdactinLogin.simpleLoginTest Completed at : 10/21/2017 05:23:03 Elapsed Time in Seconds : 1.34  Success Status = true


2017-10-21 05:23:09 [main] (UtilKit.java:160) [INFO] Test Method : com.adactin.hotelapp.tests.AdactinLogin:simpleLoginTest Started at 10/21/2017 05:23:09
Adactin Search Page Title : AdactIn.com - Hotel Reservation System
]]></system-out>
    <system-err><![CDATA[1508577788738	Marionette	DEBUG	Received DOM event "beforeunload" for "http://www.adactin.com/HotelAppBuild2/SearchHotel.php"
1508577789318	Marionette	DEBUG	Received DOM event "pagehide" for "http://www.adactin.com/HotelAppBuild2/SearchHotel.php"
1508577789318	Marionette	DEBUG	Received DOM event "unload" for "http://www.adactin.com/HotelAppBuild2/SearchHotel.php"
1508577789355	Marionette	DEBUG	Received DOM event "DOMContentLoaded" for "http://www.adactin.com/HotelApp/"
1508577789440	Marionette	DEBUG	Received DOM event "pageshow" for "http://www.adactin.com/HotelApp/"
1508577789510	Marionette	DEBUG	Received DOM event "beforeunload" for "http://www.adactin.com/HotelApp/"
1508577789815	Marionette	DEBUG	Received DOM event "pagehide" for "http://www.adactin.com/HotelApp/"
1508577789816	Marionette	DEBUG	Received DOM event "unload" for "http://www.adactin.com/HotelApp/"
1508577789866	Marionette	DEBUG	Received DOM event "DOMContentLoaded" for "http://www.adactin.com/HotelAppBuild2/"
1508577789944	Marionette	DEBUG	Received DOM event "pageshow" for "http://www.adactin.com/HotelAppBuild2/"
1508577790065	Marionette	DEBUG	Received DOM event "beforeunload" for "http://www.adactin.com/HotelAppBuild2/"
1508577790400	Marionette	DEBUG	Received DOM event "pagehide" for "http://www.adactin.com/HotelAppBuild2/"
1508577790401	Marionette	DEBUG	Received DOM event "unload" for "http://www.adactin.com/HotelAppBuild2/"
1508577790441	Marionette	DEBUG	Received DOM event "DOMContentLoaded" for "http://www.adactin.com/HotelAppBuild2/"
1508577790505	Marionette	DEBUG	Received DOM event "pageshow" for "http://www.adactin.com/HotelAppBuild2/"
]]></system-err>
  </testcase>
</testsuite>